<?xml version="1.0" encoding="UTF-8"?>
<!-- Generated by org.testng.reporters.JUnitReportReporter -->
<testsuite hostname="nagendra" failures="0" tests="5" name="LoginPageTest" time="23.244" errors="0" timestamp="2024-03-20T10:24:06 IST" skipped="0">
  <testcase classname="LoginPageTest" name="testLoginWithEmptyInputs" time="4.928"/>
  <testcase classname="LoginPageTest" name="testLoginWithEmptyUsername" time="4.599"/>
  <testcase classname="LoginPageTest" name="testLoginWithEmptyPassword" time="4.424"/>
  <testcase classname="LoginPageTest" name="testLoginWithInvalidCreds" time="4.760"/>
  <testcase classname="LoginPageTest" name="testLoginWithValidCreds" time="4.533"/>
</testsuite> <!-- LoginPageTest -->
