<?xml version="1.0" encoding="UTF-8"?>
<!-- Generated by org.testng.reporters.JUnitReportReporter -->
<testsuite hostname="nagendra" failures="0" tests="2" name="HomePageTest" time="11.324" errors="0" timestamp="2024-03-20T10:24:49 IST" skipped="0">
  <testcase classname="HomePageTest" name="testHomepageHeading" time="6.194"/>
  <testcase classname="HomePageTest" name="testLogoutFunctionality" time="5.130"/>
</testsuite> <!-- HomePageTest -->
